<?xml version="1.0" encoding="UTF-8"?>
<!-- Generated by org.testng.reporters.JUnitReportReporter -->
<testsuite hostname="DESKTOP-L9L7L9E" failures="0" tests="8" name="CucumberOptions.TestNGRunner" time="0.384" errors="0" timestamp="2025-01-09T16:46:43 IST" skipped="0">
  <testcase classname="CucumberOptions.TestNGRunner" name="runScenario" time="0.038"/>
  <testcase classname="CucumberOptions.TestNGRunner" name="runScenario" time="0.011"/>
  <testcase classname="CucumberOptions.TestNGRunner" name="runScenario" time="0.065"/>
  <testcase classname="CucumberOptions.TestNGRunner" name="runScenario" time="0.014"/>
  <testcase classname="CucumberOptions.TestNGRunner" name="runScenario" time="0.034"/>
  <testcase classname="CucumberOptions.TestNGRunner" name="runScenario" time="0.197"/>
  <testcase classname="CucumberOptions.TestNGRunner" name="runScenario" time="0.016"/>
  <testcase classname="CucumberOptions.TestNGRunner" name="runScenario" time="0.009"/>
</testsuite> <!-- CucumberOptions.TestNGRunner -->
