<?xml version="1.0" encoding="UTF-8"?>
<!-- Generated by org.testng.reporters.JUnitReportReporter -->
<testsuite hostname="DESKTOP-L9L7L9E" failures="0" tests="1" name="cucumberOptions.TestNGTestRunner" time="50.781" errors="0" timestamp="2025-01-19T18:34:46 IST" skipped="0">
  <testcase classname="cucumberOptions.TestNGTestRunner" name="runScenario" time="50.781"/>
</testsuite> <!-- cucumberOptions.TestNGTestRunner -->
